<?xml version="1.0" encoding="UTF-8"?>
<testsuites name="jest tests" tests="73" failures="0" errors="0" time="6.416">
  <testsuite name="TenantManagerComponent" errors="0" failures="0" skipped="0" timestamp="2025-10-31T13:45:35" time="1.33" tests="4">
    <testcase classname="TenantManagerComponent loads tenants successfully and populates list" name="TenantManagerComponent loads tenants successfully and populates list" time="0.109">
    </testcase>
    <testcase classname="TenantManagerComponent sets error on load failure" name="TenantManagerComponent sets error on load failure" time="0.006">
    </testcase>
    <testcase classname="TenantManagerComponent retryLoad triggers loadTenants" name="TenantManagerComponent retryLoad triggers loadTenants" time="0.005">
    </testcase>
    <testcase classname="TenantManagerComponent open/close modal toggles flag" name="TenantManagerComponent open/close modal toggles flag" time="0.003">
    </testcase>
  </testsuite>
  <testsuite name="UsersComponent" errors="0" failures="0" skipped="0" timestamp="2025-10-31T13:45:37" time="0.462" tests="6">
    <testcase classname="UsersComponent should create" name="UsersComponent should create" time="0.136">
    </testcase>
    <testcase classname="UsersComponent should show loading UI when loading is true" name="UsersComponent should show loading UI when loading is true" time="0.006">
    </testcase>
    <testcase classname="UsersComponent should load users and statistics on init" name="UsersComponent should load users and statistics on init" time="0.04">
    </testcase>
    <testcase classname="UsersComponent onPageChange should update page and slice users" name="UsersComponent onPageChange should update page and slice users" time="0.062">
    </testcase>
    <testcase classname="UsersComponent onPageSizeChange should reset to page 1 and apply new size" name="UsersComponent onPageSizeChange should reset to page 1 and apply new size" time="0.039">
    </testcase>
    <testcase classname="UsersComponent should hide edit for users with can_edit === false and hide deactivate for primary active admin" name="UsersComponent should hide edit for users with can_edit === false and hide deactivate for primary active admin" time="0.035">
    </testcase>
  </testsuite>
  <testsuite name="FamilyListComponent (list + stats)" errors="0" failures="0" skipped="0" timestamp="2025-10-31T13:45:37" time="0.287" tests="2">
    <testcase classname="FamilyListComponent (list + stats) loads statistics on init and stores them" name="FamilyListComponent (list + stats) loads statistics on init and stores them" time="0.135">
    </testcase>
    <testcase classname="FamilyListComponent (list + stats) computes active filter count from form values" name="FamilyListComponent (list + stats) computes active filter count from form values" time="0.017">
    </testcase>
  </testsuite>
  <testsuite name="SacramentListComponent" errors="0" failures="0" skipped="0" timestamp="2025-10-31T13:45:38" time="0.508" tests="7">
    <testcase classname="SacramentListComponent should create" name="SacramentListComponent should create" time="0.171">
    </testcase>
    <testcase classname="SacramentListComponent should load types and sacraments on init" name="SacramentListComponent should load types and sacraments on init" time="0.031">
    </testcase>
    <testcase classname="SacramentListComponent applyFilters should reset to page 1 and reload" name="SacramentListComponent applyFilters should reset to page 1 and reload" time="0.039">
    </testcase>
    <testcase classname="SacramentListComponent onQuickSearch should reset page and reload when typing" name="SacramentListComponent onQuickSearch should reset page and reload when typing" time="0.031">
    </testcase>
    <testcase classname="SacramentListComponent clearFilters should reset all filters and reload" name="SacramentListComponent clearFilters should reset all filters and reload" time="0.03">
    </testcase>
    <testcase classname="SacramentListComponent page and pageSize handlers should trigger reload" name="SacramentListComponent page and pageSize handlers should trigger reload" time="0.031">
    </testcase>
    <testcase classname="SacramentListComponent getActiveFilterCount reflects active filters and chips render" name="SacramentListComponent getActiveFilterCount reflects active filters and chips render" time="0.031">
    </testcase>
  </testsuite>
  <testsuite name="TenantCreateModalComponent" errors="0" failures="0" skipped="0" timestamp="2025-10-31T13:45:38" time="0.448" tests="5">
    <testcase classname="TenantCreateModalComponent invalid by default with required errors" name="TenantCreateModalComponent invalid by default with required errors" time="0.134">
    </testcase>
    <testcase classname="TenantCreateModalComponent valid when required fields are provided correctly" name="TenantCreateModalComponent valid when required fields are provided correctly" time="0.036">
    </testcase>
    <testcase classname="TenantCreateModalComponent onSubmit sets serverError when invalid" name="TenantCreateModalComponent onSubmit sets serverError when invalid" time="0.04">
    </testcase>
    <testcase classname="TenantCreateModalComponent onSubmit calls service and clears serverError when valid" name="TenantCreateModalComponent onSubmit calls service and clears serverError when valid" time="0.038">
    </testcase>
    <testcase classname="TenantCreateModalComponent sameAsTenantAddress copies address fields" name="TenantCreateModalComponent sameAsTenantAddress copies address fields" time="0.038">
    </testcase>
  </testsuite>
  <testsuite name="BCCListComponent" errors="0" failures="0" skipped="0" timestamp="2025-10-31T13:45:39" time="0.382" tests="7">
    <testcase classname="BCCListComponent loads initial list and statistics" name="BCCListComponent loads initial list and statistics" time="0.112">
    </testcase>
    <testcase classname="BCCListComponent applies quick search and triggers debounced load" name="BCCListComponent applies quick search and triggers debounced load" time="0.025">
    </testcase>
    <testcase classname="BCCListComponent applies advanced search filters and resets to page 1" name="BCCListComponent applies advanced search filters and resets to page 1" time="0.027">
    </testcase>
    <testcase classname="BCCListComponent clears all filters and reloads" name="BCCListComponent clears all filters and reloads" time="0.022">
    </testcase>
    <testcase classname="BCCListComponent handles pagination pageChange event" name="BCCListComponent handles pagination pageChange event" time="0.023">
    </testcase>
    <testcase classname="BCCListComponent handles pagination pageSizeChange event" name="BCCListComponent handles pagination pageSizeChange event" time="0.025">
    </testcase>
    <testcase classname="BCCListComponent sorts by column toggling sort order" name="BCCListComponent sorts by column toggling sort order" time="0.022">
    </testcase>
  </testsuite>
  <testsuite name="Router + tenantAdminGuard integration for Tenants" errors="0" failures="0" skipped="0" timestamp="2025-10-31T13:45:39" time="0.231" tests="3">
    <testcase classname="Router + tenantAdminGuard integration for Tenants allows navigation for SuperAdmin" name="Router + tenantAdminGuard integration for Tenants allows navigation for SuperAdmin" time="0.02">
    </testcase>
    <testcase classname="Router + tenantAdminGuard integration for Tenants redirects tenant user to /dashboard" name="Router + tenantAdminGuard integration for Tenants redirects tenant user to /dashboard" time="0.01">
    </testcase>
    <testcase classname="Router + tenantAdminGuard integration for Tenants redirects missing user to /auth/login" name="Router + tenantAdminGuard integration for Tenants redirects missing user to /auth/login" time="0.006">
    </testcase>
  </testsuite>
  <testsuite name="SacramentFormModalComponent" errors="0" failures="0" skipped="0" timestamp="2025-10-31T13:45:39" time="0.32" tests="7">
    <testcase classname="SacramentFormModalComponent should create" name="SacramentFormModalComponent should create" time="0.077">
    </testcase>
    <testcase classname="SacramentFormModalComponent should load sacrament types on init" name="SacramentFormModalComponent should load sacrament types on init" time="0.018">
    </testcase>
    <testcase classname="SacramentFormModalComponent requiresParents should depend on type BAPTISM" name="SacramentFormModalComponent requiresParents should depend on type BAPTISM" time="0.018">
    </testcase>
    <testcase classname="SacramentFormModalComponent requiresGodparents should depend on types BAPTISM and CONFIRMATION" name="SacramentFormModalComponent requiresGodparents should depend on types BAPTISM and CONFIRMATION" time="0.019">
    </testcase>
    <testcase classname="SacramentFormModalComponent validateForm should enforce required fields" name="SacramentFormModalComponent validateForm should enforce required fields" time="0.017">
    </testcase>
    <testcase classname="SacramentFormModalComponent should call create on save when not in edit mode" name="SacramentFormModalComponent should call create on save when not in edit mode" time="0.018">
    </testcase>
    <testcase classname="SacramentFormModalComponent should call update on save when in edit mode" name="SacramentFormModalComponent should call update on save when in edit mode" time="0.016">
    </testcase>
  </testsuite>
  <testsuite name="UserFormModalComponent" errors="0" failures="0" skipped="0" timestamp="2025-10-31T13:45:39" time="0.357" tests="6">
    <testcase classname="UserFormModalComponent should create" name="UserFormModalComponent should create" time="0.117">
    </testcase>
    <testcase classname="UserFormModalComponent should load roles on init" name="UserFormModalComponent should load roles on init" time="0.03">
    </testcase>
    <testcase classname="UserFormModalComponent should validate required fields for create mode" name="UserFormModalComponent should validate required fields for create mode" time="0.017">
    </testcase>
    <testcase classname="UserFormModalComponent should require strong password and matching confirmation" name="UserFormModalComponent should require strong password and matching confirmation" time="0.026">
    </testcase>
    <testcase classname="UserFormModalComponent should not require password in edit mode" name="UserFormModalComponent should not require password in edit mode" time="0.022">
    </testcase>
    <testcase classname="UserFormModalComponent should require at least one role" name="UserFormModalComponent should require at least one role" time="0.017">
    </testcase>
  </testsuite>
  <testsuite name="BreadcrumbComponent" errors="0" failures="0" skipped="0" timestamp="2025-10-31T13:45:40" time="0.127" tests="1">
    <testcase classname="BreadcrumbComponent should create" name="BreadcrumbComponent should create" time="0.024">
    </testcase>
  </testsuite>
  <testsuite name="FamilyFormComponent (tabs + phone validators)" errors="0" failures="0" skipped="0" timestamp="2025-10-31T13:45:40" time="0.244" tests="2">
    <testcase classname="FamilyFormComponent (tabs + phone validators) switchTab() changes activeTab and triggers scroll without crashing" name="FamilyFormComponent (tabs + phone validators) switchTab() changes activeTab and triggers scroll without crashing" time="0.076">
    </testcase>
    <testcase classname="FamilyFormComponent (tabs + phone validators) phone validators: invalid random string, valid plausible number with prefix handled by validator" name="FamilyFormComponent (tabs + phone validators) phone validators: invalid random string, valid plausible number with prefix handled by validator" time="0.021">
    </testcase>
  </testsuite>
  <testsuite name="tenantGuard" errors="0" failures="0" skipped="0" timestamp="2025-10-31T13:45:40" time="0.113" tests="5">
    <testcase classname="tenantGuard returns true when tenant exists and is active" name="tenantGuard returns true when tenant exists and is active" time="0.003">
    </testcase>
    <testcase classname="tenantGuard navigates to login with inactive error when tenant is inactive" name="tenantGuard navigates to login with inactive error when tenant is inactive" time="0.002">
    </testcase>
    <testcase classname="tenantGuard navigates to login with invalid tenant when response not successful" name="tenantGuard navigates to login with invalid tenant when response not successful" time="0.001">
    </testcase>
    <testcase classname="tenantGuard navigates to login with invalid tenant on error" name="tenantGuard navigates to login with invalid tenant on error" time="0.001">
    </testcase>
    <testcase classname="tenantGuard navigates to login immediately when tenantId is missing" name="tenantGuard navigates to login immediately when tenantId is missing" time="0.002">
    </testcase>
  </testsuite>
  <testsuite name="BCCFormComponent" errors="0" failures="0" skipped="0" timestamp="2025-10-31T13:45:40" time="0.209" tests="5">
    <testcase classname="BCCFormComponent requires only name and status fields after removals" name="BCCFormComponent requires only name and status fields after removals" time="0.045">
    </testcase>
    <testcase classname="BCCFormComponent emits save on successful create with minimal fields" name="BCCFormComponent emits save on successful create with minimal fields" time="0.014">
    </testcase>
    <testcase classname="BCCFormComponent shows error when submit invalid form" name="BCCFormComponent shows error when submit invalid form" time="0.014">
    </testcase>
    <testcase classname="BCCFormComponent calls update on edit mode" name="BCCFormComponent calls update on edit mode" time="0.016">
    </testcase>
    <testcase classname="BCCFormComponent handles API error gracefully" name="BCCFormComponent handles API error gracefully" time="0.018">
    </testcase>
  </testsuite>
  <testsuite name="FamilyMemberFormModalComponent (basics)" errors="0" failures="0" skipped="0" timestamp="2025-10-31T13:45:41" time="0.201" tests="1">
    <testcase classname="FamilyMemberFormModalComponent (basics) validates phone and emits save on valid form" name="FamilyMemberFormModalComponent (basics) validates phone and emits save on valid form" time="0.077">
    </testcase>
  </testsuite>
  <testsuite name="SettingsComponent (role-based visibility)" errors="0" failures="0" skipped="0" timestamp="2025-10-31T13:45:41" time="0.403" tests="6">
    <testcase classname="SettingsComponent (role-based visibility) hasEkklesiaRole() should be false for any user with tenant_id" name="SettingsComponent (role-based visibility) hasEkklesiaRole() should be false for any user with tenant_id" time="0.065">
    </testcase>
    <testcase classname="SettingsComponent (role-based visibility) hasEkklesiaRole() should be true for ekklesia roles without tenant" name="SettingsComponent (role-based visibility) hasEkklesiaRole() should be true for ekklesia roles without tenant" time="0.081">
    </testcase>
    <testcase classname="SettingsComponent (role-based visibility) canManageRoles() allows EkklesiaAdmin and tenant Administrator with tenant_id" name="SettingsComponent (role-based visibility) canManageRoles() allows EkklesiaAdmin and tenant Administrator with tenant_id" time="0.017">
    </testcase>
    <testcase classname="SettingsComponent (role-based visibility) isSuperAdmin() true for is_admin or is_super_admin flags and ekklesia admin role" name="SettingsComponent (role-based visibility) isSuperAdmin() true for is_admin or is_super_admin flags and ekklesia admin role" time="0.016">
    </testcase>
    <testcase classname="SettingsComponent (role-based visibility) shouldDisplaySection() gates Ekklesia-only sections for tenant users" name="SettingsComponent (role-based visibility) shouldDisplaySection() gates Ekklesia-only sections for tenant users" time="0.016">
    </testcase>
    <testcase classname="SettingsComponent (role-based visibility) getVisibleSections() returns different sets for tenant vs ekklesia admin" name="SettingsComponent (role-based visibility) getVisibleSections() returns different sets for tenant vs ekklesia admin" time="0.016">
    </testcase>
  </testsuite>
  <testsuite name="authGuard" errors="0" failures="0" skipped="0" timestamp="2025-10-31T13:45:41" time="0.213" tests="2">
    <testcase classname="authGuard returns true when user is authenticated" name="authGuard returns true when user is authenticated" time="0.005">
    </testcase>
    <testcase classname="authGuard navigates to /auth/login with returnUrl when not authenticated" name="authGuard navigates to /auth/login with returnUrl when not authenticated" time="0.001">
    </testcase>
  </testsuite>
  <testsuite name="tenantAdminGuard" errors="0" failures="0" skipped="0" timestamp="2025-10-31T13:45:41" time="0.109" tests="4">
    <testcase classname="tenantAdminGuard allows SuperAdmin via role_name" name="tenantAdminGuard allows SuperAdmin via role_name" time="0.004">
    </testcase>
    <testcase classname="tenantAdminGuard allows EkklesiaAdmin via nested role.name" name="tenantAdminGuard allows EkklesiaAdmin via nested role.name" time="0.002">
    </testcase>
    <testcase classname="tenantAdminGuard denies tenant user and redirects to /dashboard" name="tenantAdminGuard denies tenant user and redirects to /dashboard" time="0.002">
    </testcase>
    <testcase classname="tenantAdminGuard redirects to login when user missing (edge case)" name="tenantAdminGuard redirects to login when user missing (edge case)" time="0.002">
    </testcase>
  </testsuite>
</testsuites>